WARNING - 2024-02-18 04:00:46 --> [DEPRECATED] move_uploaded_file(): Passing null to parameter #1 ($from) of type string is deprecated in APPPATH\Controllers\WanderLust.php on line 57.
 1 APPPATH\Controllers\WanderLust.php(57): move_uploaded_file(null, './image/')
 2 SYSTEMPATH\CodeIgniter.php(941): App\Controllers\WanderLust->addlist()
 3 SYSTEMPATH\CodeIgniter.php(502): CodeIgniter\CodeIgniter->runController(Object(App\Controllers\WanderLust))
 4 SYSTEMPATH\CodeIgniter.php(361): CodeIgniter\CodeIgniter->handleRequest(null, Object(Config\Cache), false)
 5 FCPATH\index.php(79): CodeIgniter\CodeIgniter->run()
 6 SYSTEMPATH\Commands\Server\rewrite.php(47): require_once('D:\\demopro\\public\\index.php')
ERROR - 2024-02-18 04:00:47 --> mysqli_sql_exception: Column 'image' cannot be null in D:\demopro\vendor\codeigniter4\framework\system\Database\MySQLi\Connection.php:306
Stack trace:
#0 D:\demopro\vendor\codeigniter4\framework\system\Database\MySQLi\Connection.php(306): mysqli->query('INSERT INTO `wa...', 0)
#1 D:\demopro\vendor\codeigniter4\framework\system\Database\BaseConnection.php(693): CodeIgniter\Database\MySQLi\Connection->execute('INSERT INTO `wa...')
#2 D:\demopro\vendor\codeigniter4\framework\system\Database\BaseConnection.php(607): CodeIgniter\Database\BaseConnection->simpleQuery('INSERT INTO `wa...')
#3 D:\demopro\vendor\codeigniter4\framework\system\Database\BaseBuilder.php(2302): CodeIgniter\Database\BaseConnection->query('INSERT INTO `wa...', Array, false)
#4 D:\demopro\vendor\codeigniter4\framework\system\Model.php(326): CodeIgniter\Database\BaseBuilder->insert()
#5 D:\demopro\vendor\codeigniter4\framework\system\BaseModel.php(802): CodeIgniter\Model->doInsert(Array)
#6 D:\demopro\vendor\codeigniter4\framework\system\Model.php(744): CodeIgniter\BaseModel->insert(Array, true)
#7 D:\demopro\App\Controllers\WanderLust.php(72): CodeIgniter\Model->insert(Array)
#8 D:\demopro\vendor\codeigniter4\framework\system\CodeIgniter.php(941): App\Controllers\WanderLust->addlist()
#9 D:\demopro\vendor\codeigniter4\framework\system\CodeIgniter.php(502): CodeIgniter\CodeIgniter->runController(Object(App\Controllers\WanderLust))
#10 D:\demopro\vendor\codeigniter4\framework\system\CodeIgniter.php(361): CodeIgniter\CodeIgniter->handleRequest(NULL, Object(Config\Cache), false)
#11 D:\demopro\public\index.php(79): CodeIgniter\CodeIgniter->run()
#12 D:\demopro\vendor\codeigniter4\framework\system\Commands\Server\rewrite.php(47): require_once('D:\\demopro\\publ...')
#13 {main}
CRITICAL - 2024-02-18 04:00:47 --> CodeIgniter\Database\Exceptions\DatabaseException: Column 'image' cannot be null
in SYSTEMPATH\Database\BaseConnection.php on line 647.
 1 SYSTEMPATH\Database\BaseBuilder.php(2302): CodeIgniter\Database\BaseConnection->query('INSERT INTO `wanderlustdata` (`title`, `description`, `image`, `price`, `country`, `location`) VALUES (:title:, :description:, :image:, :price:, :country:, :location:)', [...], false)
 2 SYSTEMPATH\Model.php(326): CodeIgniter\Database\BaseBuilder->insert()
 3 SYSTEMPATH\BaseModel.php(802): CodeIgniter\Model->doInsert([...])
 4 SYSTEMPATH\Model.php(744): CodeIgniter\BaseModel->insert([...], true)
 5 APPPATH\Controllers\WanderLust.php(72): CodeIgniter\Model->insert([...])
 6 SYSTEMPATH\CodeIgniter.php(941): App\Controllers\WanderLust->addlist()
 7 SYSTEMPATH\CodeIgniter.php(502): CodeIgniter\CodeIgniter->runController(Object(App\Controllers\WanderLust))
 8 SYSTEMPATH\CodeIgniter.php(361): CodeIgniter\CodeIgniter->handleRequest(null, Object(Config\Cache), false)
 9 FCPATH\index.php(79): CodeIgniter\CodeIgniter->run()
10 SYSTEMPATH\Commands\Server\rewrite.php(47): require_once('D:\\demopro\\public\\index.php')
CRITICAL - 2024-02-18 04:00:47 --> [Caused by] CodeIgniter\Database\Exceptions\DatabaseException: Column 'image' cannot be null
in SYSTEMPATH\Database\MySQLi\Connection.php on line 311.
 1 SYSTEMPATH\Database\BaseConnection.php(693): CodeIgniter\Database\MySQLi\Connection->execute('INSERT INTO `wanderlustdata` (`title`, `description`, `image`, `price`, `country`, `location`) VALUES (\'sangamner\', \'ABCD\', NULL, \'1233\', \'India\', \'sangamner\')')
 2 SYSTEMPATH\Database\BaseConnection.php(607): CodeIgniter\Database\BaseConnection->simpleQuery('INSERT INTO `wanderlustdata` (`title`, `description`, `image`, `price`, `country`, `location`) VALUES (\'sangamner\', \'ABCD\', NULL, \'1233\', \'India\', \'sangamner\')')
 3 SYSTEMPATH\Database\BaseBuilder.php(2302): CodeIgniter\Database\BaseConnection->query('INSERT INTO `wanderlustdata` (`title`, `description`, `image`, `price`, `country`, `location`) VALUES (:title:, :description:, :image:, :price:, :country:, :location:)', [...], false)
 4 SYSTEMPATH\Model.php(326): CodeIgniter\Database\BaseBuilder->insert()
 5 SYSTEMPATH\BaseModel.php(802): CodeIgniter\Model->doInsert([...])
 6 SYSTEMPATH\Model.php(744): CodeIgniter\BaseModel->insert([...], true)
 7 APPPATH\Controllers\WanderLust.php(72): CodeIgniter\Model->insert([...])
 8 SYSTEMPATH\CodeIgniter.php(941): App\Controllers\WanderLust->addlist()
 9 SYSTEMPATH\CodeIgniter.php(502): CodeIgniter\CodeIgniter->runController(Object(App\Controllers\WanderLust))
10 SYSTEMPATH\CodeIgniter.php(361): CodeIgniter\CodeIgniter->handleRequest(null, Object(Config\Cache), false)
11 FCPATH\index.php(79): CodeIgniter\CodeIgniter->run()
12 SYSTEMPATH\Commands\Server\rewrite.php(47): require_once('D:\\demopro\\public\\index.php')
CRITICAL - 2024-02-18 04:00:47 --> [Caused by] mysqli_sql_exception: Column 'image' cannot be null
in SYSTEMPATH\Database\MySQLi\Connection.php on line 306.
 1 SYSTEMPATH\Database\MySQLi\Connection.php(306): mysqli->query('INSERT INTO `wanderlustdata` (`title`, `description`, `image`, `price`, `country`, `location`) VALUES (\'sangamner\', \'ABCD\', NULL, \'1233\', \'India\', \'sangamner\')', 0)
 2 SYSTEMPATH\Database\BaseConnection.php(693): CodeIgniter\Database\MySQLi\Connection->execute('INSERT INTO `wanderlustdata` (`title`, `description`, `image`, `price`, `country`, `location`) VALUES (\'sangamner\', \'ABCD\', NULL, \'1233\', \'India\', \'sangamner\')')
 3 SYSTEMPATH\Database\BaseConnection.php(607): CodeIgniter\Database\BaseConnection->simpleQuery('INSERT INTO `wanderlustdata` (`title`, `description`, `image`, `price`, `country`, `location`) VALUES (\'sangamner\', \'ABCD\', NULL, \'1233\', \'India\', \'sangamner\')')
 4 SYSTEMPATH\Database\BaseBuilder.php(2302): CodeIgniter\Database\BaseConnection->query('INSERT INTO `wanderlustdata` (`title`, `description`, `image`, `price`, `country`, `location`) VALUES (:title:, :description:, :image:, :price:, :country:, :location:)', [...], false)
 5 SYSTEMPATH\Model.php(326): CodeIgniter\Database\BaseBuilder->insert()
 6 SYSTEMPATH\BaseModel.php(802): CodeIgniter\Model->doInsert([...])
 7 SYSTEMPATH\Model.php(744): CodeIgniter\BaseModel->insert([...], true)
 8 APPPATH\Controllers\WanderLust.php(72): CodeIgniter\Model->insert([...])
 9 SYSTEMPATH\CodeIgniter.php(941): App\Controllers\WanderLust->addlist()
10 SYSTEMPATH\CodeIgniter.php(502): CodeIgniter\CodeIgniter->runController(Object(App\Controllers\WanderLust))
11 SYSTEMPATH\CodeIgniter.php(361): CodeIgniter\CodeIgniter->handleRequest(null, Object(Config\Cache), false)
12 FCPATH\index.php(79): CodeIgniter\CodeIgniter->run()
13 SYSTEMPATH\Commands\Server\rewrite.php(47): require_once('D:\\demopro\\public\\index.php')
WARNING - 2024-02-18 04:01:55 --> [DEPRECATED] move_uploaded_file(): Passing null to parameter #1 ($from) of type string is deprecated in APPPATH\Controllers\WanderLust.php on line 57.
 1 APPPATH\Controllers\WanderLust.php(57): move_uploaded_file(null, './image/')
 2 SYSTEMPATH\CodeIgniter.php(941): App\Controllers\WanderLust->addlist()
 3 SYSTEMPATH\CodeIgniter.php(502): CodeIgniter\CodeIgniter->runController(Object(App\Controllers\WanderLust))
 4 SYSTEMPATH\CodeIgniter.php(361): CodeIgniter\CodeIgniter->handleRequest(null, Object(Config\Cache), false)
 5 FCPATH\index.php(79): CodeIgniter\CodeIgniter->run()
 6 SYSTEMPATH\Commands\Server\rewrite.php(47): require_once('D:\\demopro\\public\\index.php')
WARNING - 2024-02-18 04:03:05 --> [DEPRECATED] move_uploaded_file(): Passing null to parameter #1 ($from) of type string is deprecated in APPPATH\Controllers\WanderLust.php on line 57.
 1 APPPATH\Controllers\WanderLust.php(57): move_uploaded_file(null, './image/')
 2 SYSTEMPATH\CodeIgniter.php(941): App\Controllers\WanderLust->addlist()
 3 SYSTEMPATH\CodeIgniter.php(502): CodeIgniter\CodeIgniter->runController(Object(App\Controllers\WanderLust))
 4 SYSTEMPATH\CodeIgniter.php(361): CodeIgniter\CodeIgniter->handleRequest(null, Object(Config\Cache), false)
 5 FCPATH\index.php(79): CodeIgniter\CodeIgniter->run()
 6 SYSTEMPATH\Commands\Server\rewrite.php(47): require_once('D:\\demopro\\public\\index.php')
WARNING - 2024-02-18 04:08:14 --> [DEPRECATED] move_uploaded_file(): Passing null to parameter #1 ($from) of type string is deprecated in APPPATH\Controllers\WanderLust.php on line 57.
 1 APPPATH\Controllers\WanderLust.php(57): move_uploaded_file(null, './image/')
 2 SYSTEMPATH\CodeIgniter.php(941): App\Controllers\WanderLust->addlist()
 3 SYSTEMPATH\CodeIgniter.php(502): CodeIgniter\CodeIgniter->runController(Object(App\Controllers\WanderLust))
 4 SYSTEMPATH\CodeIgniter.php(361): CodeIgniter\CodeIgniter->handleRequest(null, Object(Config\Cache), false)
 5 FCPATH\index.php(79): CodeIgniter\CodeIgniter->run()
 6 SYSTEMPATH\Commands\Server\rewrite.php(47): require_once('D:\\demopro\\public\\index.php')
WARNING - 2024-02-18 04:11:55 --> [DEPRECATED] move_uploaded_file(): Passing null to parameter #1 ($from) of type string is deprecated in APPPATH\Controllers\WanderLust.php on line 57.
 1 APPPATH\Controllers\WanderLust.php(57): move_uploaded_file(null, './image/')
 2 SYSTEMPATH\CodeIgniter.php(941): App\Controllers\WanderLust->addlist()
 3 SYSTEMPATH\CodeIgniter.php(502): CodeIgniter\CodeIgniter->runController(Object(App\Controllers\WanderLust))
 4 SYSTEMPATH\CodeIgniter.php(361): CodeIgniter\CodeIgniter->handleRequest(null, Object(Config\Cache), false)
 5 FCPATH\index.php(79): CodeIgniter\CodeIgniter->run()
 6 SYSTEMPATH\Commands\Server\rewrite.php(47): require_once('D:\\demopro\\public\\index.php')
CRITICAL - 2024-02-18 04:46:19 --> ParseError: syntax error, unexpected token ">"
in APPPATH\Controllers\WanderLust.php on line 58.
 1 SYSTEMPATH\Autoloader\Autoloader.php(288): CodeIgniter\Autoloader\Autoloader->includeFile('D:\\demopro\\App\\Controllers\\WanderLust.php')
 2 SYSTEMPATH\Autoloader\Autoloader.php(266): CodeIgniter\Autoloader\Autoloader->loadInNamespace('App\\Controllers\\WanderLust')
 3 [internal function]: CodeIgniter\Autoloader\Autoloader->loadClass('App\\Controllers\\WanderLust')
 4 SYSTEMPATH\CodeIgniter.php(899): class_exists('\\App\\Controllers\\WanderLust', true)
 5 SYSTEMPATH\CodeIgniter.php(489): CodeIgniter\CodeIgniter->startController()
 6 SYSTEMPATH\CodeIgniter.php(361): CodeIgniter\CodeIgniter->handleRequest(null, Object(Config\Cache), false)
 7 FCPATH\index.php(79): CodeIgniter\CodeIgniter->run()
 8 SYSTEMPATH\Commands\Server\rewrite.php(47): require_once('D:\\demopro\\public\\index.php')
CRITICAL - 2024-02-18 05:37:40 --> CodeIgniter\Files\Exceptions\FileException: addFile expects a valid file.
in SYSTEMPATH\Files\FileCollection.php on line 69.
 1 SYSTEMPATH\Files\FileCollection.php(69): CodeIgniter\Files\Exceptions\FileException::forExpectedFile('addFile')
 2 SYSTEMPATH\Files\FileCollection.php(222): CodeIgniter\Files\FileCollection::resolveFile('D:\\demopro\\public\\adhaar-1.jpg')
 3 SYSTEMPATH\Files\FileCollection.php(184): CodeIgniter\Files\FileCollection->addFile('D:\\demopro\\public\\adhaar-1.jpg')
 4 SYSTEMPATH\Files\FileCollection.php(125): CodeIgniter\Files\FileCollection->add([...])
 5 APPPATH\Controllers\WanderLust.php(77): CodeIgniter\Files\FileCollection->__construct([...])
 6 SYSTEMPATH\CodeIgniter.php(941): App\Controllers\WanderLust->addlist()
 7 SYSTEMPATH\CodeIgniter.php(502): CodeIgniter\CodeIgniter->runController(Object(App\Controllers\WanderLust))
 8 SYSTEMPATH\CodeIgniter.php(361): CodeIgniter\CodeIgniter->handleRequest(null, Object(Config\Cache), false)
 9 FCPATH\index.php(79): CodeIgniter\CodeIgniter->run()
10 SYSTEMPATH\Commands\Server\rewrite.php(47): require_once('D:\\demopro\\public\\index.php')
WARNING - 2024-02-18 05:54:45 --> [DEPRECATED] move_uploaded_file(): Passing null to parameter #1 ($from) of type string is deprecated in APPPATH\Controllers\WanderLust.php on line 62.
 1 APPPATH\Controllers\WanderLust.php(62): move_uploaded_file(null, 'images/adhaar-1.jpg')
 2 SYSTEMPATH\CodeIgniter.php(941): App\Controllers\WanderLust->addlist()
 3 SYSTEMPATH\CodeIgniter.php(502): CodeIgniter\CodeIgniter->runController(Object(App\Controllers\WanderLust))
 4 SYSTEMPATH\CodeIgniter.php(361): CodeIgniter\CodeIgniter->handleRequest(null, Object(Config\Cache), false)
 5 FCPATH\index.php(79): CodeIgniter\CodeIgniter->run()
 6 SYSTEMPATH\Commands\Server\rewrite.php(47): require_once('D:\\demopro\\public\\index.php')
WARNING - 2024-02-18 05:56:53 --> [DEPRECATED] move_uploaded_file(): Passing null to parameter #1 ($from) of type string is deprecated in APPPATH\Controllers\WanderLust.php on line 62.
 1 APPPATH\Controllers\WanderLust.php(62): move_uploaded_file(null, 'uploads/adhaar-1.jpg')
 2 SYSTEMPATH\CodeIgniter.php(941): App\Controllers\WanderLust->addlist()
 3 SYSTEMPATH\CodeIgniter.php(502): CodeIgniter\CodeIgniter->runController(Object(App\Controllers\WanderLust))
 4 SYSTEMPATH\CodeIgniter.php(361): CodeIgniter\CodeIgniter->handleRequest(null, Object(Config\Cache), false)
 5 FCPATH\index.php(79): CodeIgniter\CodeIgniter->run()
 6 SYSTEMPATH\Commands\Server\rewrite.php(47): require_once('D:\\demopro\\public\\index.php')
WARNING - 2024-02-18 05:57:15 --> [DEPRECATED] move_uploaded_file(): Passing null to parameter #1 ($from) of type string is deprecated in APPPATH\Controllers\WanderLust.php on line 62.
 1 APPPATH\Controllers\WanderLust.php(62): move_uploaded_file(null, 'uploads/adhaar-1.jpg')
 2 SYSTEMPATH\CodeIgniter.php(941): App\Controllers\WanderLust->addlist()
 3 SYSTEMPATH\CodeIgniter.php(502): CodeIgniter\CodeIgniter->runController(Object(App\Controllers\WanderLust))
 4 SYSTEMPATH\CodeIgniter.php(361): CodeIgniter\CodeIgniter->handleRequest(null, Object(Config\Cache), false)
 5 FCPATH\index.php(79): CodeIgniter\CodeIgniter->run()
 6 SYSTEMPATH\Commands\Server\rewrite.php(47): require_once('D:\\demopro\\public\\index.php')
WARNING - 2024-02-18 06:00:47 --> [DEPRECATED] move_uploaded_file(): Passing null to parameter #1 ($from) of type string is deprecated in APPPATH\Controllers\WanderLust.php on line 62.
 1 APPPATH\Controllers\WanderLust.php(62): move_uploaded_file(null, 'photos/adhaar-1.jpg')
 2 SYSTEMPATH\CodeIgniter.php(941): App\Controllers\WanderLust->addlist()
 3 SYSTEMPATH\CodeIgniter.php(502): CodeIgniter\CodeIgniter->runController(Object(App\Controllers\WanderLust))
 4 SYSTEMPATH\CodeIgniter.php(361): CodeIgniter\CodeIgniter->handleRequest(null, Object(Config\Cache), false)
 5 FCPATH\index.php(79): CodeIgniter\CodeIgniter->run()
 6 SYSTEMPATH\Commands\Server\rewrite.php(47): require_once('D:\\demopro\\public\\index.php')
WARNING - 2024-02-18 06:01:51 --> [DEPRECATED] move_uploaded_file(): Passing null to parameter #1 ($from) of type string is deprecated in APPPATH\Controllers\WanderLust.php on line 62.
 1 APPPATH\Controllers\WanderLust.php(62): move_uploaded_file(null, 'photos/adhaar-1.jpg')
 2 SYSTEMPATH\CodeIgniter.php(941): App\Controllers\WanderLust->addlist()
 3 SYSTEMPATH\CodeIgniter.php(502): CodeIgniter\CodeIgniter->runController(Object(App\Controllers\WanderLust))
 4 SYSTEMPATH\CodeIgniter.php(361): CodeIgniter\CodeIgniter->handleRequest(null, Object(Config\Cache), false)
 5 FCPATH\index.php(79): CodeIgniter\CodeIgniter->run()
 6 SYSTEMPATH\Commands\Server\rewrite.php(47): require_once('D:\\demopro\\public\\index.php')
WARNING - 2024-02-18 06:05:18 --> [DEPRECATED] move_uploaded_file(): Passing null to parameter #1 ($from) of type string is deprecated in APPPATH\Controllers\WanderLust.php on line 59.
 1 APPPATH\Controllers\WanderLust.php(59): move_uploaded_file(null, 'photos/adhaar-1.jpg')
 2 SYSTEMPATH\CodeIgniter.php(941): App\Controllers\WanderLust->addlist()
 3 SYSTEMPATH\CodeIgniter.php(502): CodeIgniter\CodeIgniter->runController(Object(App\Controllers\WanderLust))
 4 SYSTEMPATH\CodeIgniter.php(361): CodeIgniter\CodeIgniter->handleRequest(null, Object(Config\Cache), false)
 5 FCPATH\index.php(79): CodeIgniter\CodeIgniter->run()
 6 SYSTEMPATH\Commands\Server\rewrite.php(47): require_once('D:\\demopro\\public\\index.php')
WARNING - 2024-02-18 06:06:01 --> [DEPRECATED] move_uploaded_file(): Passing null to parameter #1 ($from) of type string is deprecated in APPPATH\Controllers\WanderLust.php on line 59.
 1 APPPATH\Controllers\WanderLust.php(59): move_uploaded_file(null, 'uploads/IMG_20240213_081414 (1) (1).jpg')
 2 SYSTEMPATH\CodeIgniter.php(941): App\Controllers\WanderLust->addlist()
 3 SYSTEMPATH\CodeIgniter.php(502): CodeIgniter\CodeIgniter->runController(Object(App\Controllers\WanderLust))
 4 SYSTEMPATH\CodeIgniter.php(361): CodeIgniter\CodeIgniter->handleRequest(null, Object(Config\Cache), false)
 5 FCPATH\index.php(79): CodeIgniter\CodeIgniter->run()
 6 SYSTEMPATH\Commands\Server\rewrite.php(47): require_once('D:\\demopro\\public\\index.php')
WARNING - 2024-02-18 06:09:32 --> [DEPRECATED] move_uploaded_file(): Passing null to parameter #1 ($from) of type string is deprecated in APPPATH\Controllers\WanderLust.php on line 59.
 1 APPPATH\Controllers\WanderLust.php(59): move_uploaded_file(null, './writable/uploads/IMG_20240213_081414 (1) (1).jpg')
 2 SYSTEMPATH\CodeIgniter.php(941): App\Controllers\WanderLust->addlist()
 3 SYSTEMPATH\CodeIgniter.php(502): CodeIgniter\CodeIgniter->runController(Object(App\Controllers\WanderLust))
 4 SYSTEMPATH\CodeIgniter.php(361): CodeIgniter\CodeIgniter->handleRequest(null, Object(Config\Cache), false)
 5 FCPATH\index.php(79): CodeIgniter\CodeIgniter->run()
 6 SYSTEMPATH\Commands\Server\rewrite.php(47): require_once('D:\\demopro\\public\\index.php')
WARNING - 2024-02-18 06:11:27 --> [DEPRECATED] move_uploaded_file(): Passing null to parameter #1 ($from) of type string is deprecated in APPPATH\Controllers\WanderLust.php on line 59.
 1 APPPATH\Controllers\WanderLust.php(59): move_uploaded_file(null, './uploads/IMG_20240213_081414 (1) (1).jpg')
 2 SYSTEMPATH\CodeIgniter.php(941): App\Controllers\WanderLust->addlist()
 3 SYSTEMPATH\CodeIgniter.php(502): CodeIgniter\CodeIgniter->runController(Object(App\Controllers\WanderLust))
 4 SYSTEMPATH\CodeIgniter.php(361): CodeIgniter\CodeIgniter->handleRequest(null, Object(Config\Cache), false)
 5 FCPATH\index.php(79): CodeIgniter\CodeIgniter->run()
 6 SYSTEMPATH\Commands\Server\rewrite.php(47): require_once('D:\\demopro\\public\\index.php')
CRITICAL - 2024-02-18 06:28:28 --> ParseError: syntax error, unexpected string content "", expecting "-" or identifier or variable or number
in APPPATH\Controllers\WanderLust.php on line 58.
 1 SYSTEMPATH\Autoloader\Autoloader.php(288): CodeIgniter\Autoloader\Autoloader->includeFile('D:\\demopro\\App\\Controllers\\WanderLust.php')
 2 SYSTEMPATH\Autoloader\Autoloader.php(266): CodeIgniter\Autoloader\Autoloader->loadInNamespace('App\\Controllers\\WanderLust')
 3 [internal function]: CodeIgniter\Autoloader\Autoloader->loadClass('App\\Controllers\\WanderLust')
 4 SYSTEMPATH\CodeIgniter.php(899): class_exists('\\App\\Controllers\\WanderLust', true)
 5 SYSTEMPATH\CodeIgniter.php(489): CodeIgniter\CodeIgniter->startController()
 6 SYSTEMPATH\CodeIgniter.php(361): CodeIgniter\CodeIgniter->handleRequest(null, Object(Config\Cache), false)
 7 FCPATH\index.php(79): CodeIgniter\CodeIgniter->run()
 8 SYSTEMPATH\Commands\Server\rewrite.php(47): require_once('D:\\demopro\\public\\index.php')
CRITICAL - 2024-02-18 06:34:53 --> ParseError: Unmatched '}'
in APPPATH\Controllers\WanderLust.php on line 97.
 1 SYSTEMPATH\Autoloader\Autoloader.php(288): CodeIgniter\Autoloader\Autoloader->includeFile('D:\\demopro\\App\\Controllers\\WanderLust.php')
 2 SYSTEMPATH\Autoloader\Autoloader.php(266): CodeIgniter\Autoloader\Autoloader->loadInNamespace('App\\Controllers\\WanderLust')
 3 [internal function]: CodeIgniter\Autoloader\Autoloader->loadClass('App\\Controllers\\WanderLust')
 4 SYSTEMPATH\CodeIgniter.php(899): class_exists('\\App\\Controllers\\WanderLust', true)
 5 SYSTEMPATH\CodeIgniter.php(489): CodeIgniter\CodeIgniter->startController()
 6 SYSTEMPATH\CodeIgniter.php(361): CodeIgniter\CodeIgniter->handleRequest(null, Object(Config\Cache), false)
 7 FCPATH\index.php(79): CodeIgniter\CodeIgniter->run()
 8 SYSTEMPATH\Commands\Server\rewrite.php(47): require_once('D:\\demopro\\public\\index.php')
WARNING - 2024-02-18 06:36:41 --> [DEPRECATED] move_uploaded_file(): Passing null to parameter #1 ($from) of type string is deprecated in APPPATH\Controllers\WanderLust.php on line 61.
 1 APPPATH\Controllers\WanderLust.php(61): move_uploaded_file(null, 'upload/')
 2 SYSTEMPATH\CodeIgniter.php(941): App\Controllers\WanderLust->addlist()
 3 SYSTEMPATH\CodeIgniter.php(502): CodeIgniter\CodeIgniter->runController(Object(App\Controllers\WanderLust))
 4 SYSTEMPATH\CodeIgniter.php(361): CodeIgniter\CodeIgniter->handleRequest(null, Object(Config\Cache), false)
 5 FCPATH\index.php(79): CodeIgniter\CodeIgniter->run()
 6 SYSTEMPATH\Commands\Server\rewrite.php(47): require_once('D:\\demopro\\public\\index.php')
