CRITICAL - 2024-02-22 10:14:46 --> ErrorException: Maximum execution time of 60 seconds exceeded
in SYSTEMPATH\Debug\Exceptions.php on line 202.
 1 [internal function]: CodeIgniter\Debug\Exceptions->shutdownHandler()
ERROR - 2024-02-22 10:26:05 --> Error connecting to the database: mysqli_sql_exception: Unknown database 'wanderlust' in D:\demopro\vendor\codeigniter4\framework\system\Database\MySQLi\Connection.php:184
Stack trace:
#0 D:\demopro\vendor\codeigniter4\framework\system\Database\MySQLi\Connection.php(184): mysqli->real_connect('localhost', 'root', Object(SensitiveParameterValue), 'wanderLust', 3306, '', 0)
#1 D:\demopro\vendor\codeigniter4\framework\system\Database\BaseConnection.php(392): CodeIgniter\Database\MySQLi\Connection->connect(false)
#2 D:\demopro\vendor\codeigniter4\framework\system\Database\BaseConnection.php(575): CodeIgniter\Database\BaseConnection->initialize()
#3 D:\demopro\vendor\codeigniter4\framework\system\Database\BaseBuilder.php(2302): CodeIgniter\Database\BaseConnection->query('INSERT INTO `wa...', Array, false)
#4 D:\demopro\vendor\codeigniter4\framework\system\Model.php(326): CodeIgniter\Database\BaseBuilder->insert()
#5 D:\demopro\vendor\codeigniter4\framework\system\BaseModel.php(802): CodeIgniter\Model->doInsert(Array)
#6 D:\demopro\vendor\codeigniter4\framework\system\Model.php(744): CodeIgniter\BaseModel->insert(Array, true)
#7 D:\demopro\App\Controllers\WanderLust.php(77): CodeIgniter\Model->insert(Array)
#8 D:\demopro\vendor\codeigniter4\framework\system\CodeIgniter.php(941): App\Controllers\WanderLust->addlist()
#9 D:\demopro\vendor\codeigniter4\framework\system\CodeIgniter.php(502): CodeIgniter\CodeIgniter->runController(Object(App\Controllers\WanderLust))
#10 D:\demopro\vendor\codeigniter4\framework\system\CodeIgniter.php(361): CodeIgniter\CodeIgniter->handleRequest(NULL, Object(Config\Cache), false)
#11 D:\demopro\public\index.php(79): CodeIgniter\CodeIgniter->run()
#12 D:\demopro\vendor\codeigniter4\framework\system\Commands\Server\rewrite.php(47): require_once('D:\\demopro\\publ...')
#13 {main}

Next CodeIgniter\Database\Exceptions\DatabaseException: Unknown database 'wanderlust' in D:\demopro\vendor\codeigniter4\framework\system\Database\MySQLi\Connection.php:229
Stack trace:
#0 D:\demopro\vendor\codeigniter4\framework\system\Database\BaseConnection.php(392): CodeIgniter\Database\MySQLi\Connection->connect(false)
#1 D:\demopro\vendor\codeigniter4\framework\system\Database\BaseConnection.php(575): CodeIgniter\Database\BaseConnection->initialize()
#2 D:\demopro\vendor\codeigniter4\framework\system\Database\BaseBuilder.php(2302): CodeIgniter\Database\BaseConnection->query('INSERT INTO `wa...', Array, false)
#3 D:\demopro\vendor\codeigniter4\framework\system\Model.php(326): CodeIgniter\Database\BaseBuilder->insert()
#4 D:\demopro\vendor\codeigniter4\framework\system\BaseModel.php(802): CodeIgniter\Model->doInsert(Array)
#5 D:\demopro\vendor\codeigniter4\framework\system\Model.php(744): CodeIgniter\BaseModel->insert(Array, true)
#6 D:\demopro\App\Controllers\WanderLust.php(77): CodeIgniter\Model->insert(Array)
#7 D:\demopro\vendor\codeigniter4\framework\system\CodeIgniter.php(941): App\Controllers\WanderLust->addlist()
#8 D:\demopro\vendor\codeigniter4\framework\system\CodeIgniter.php(502): CodeIgniter\CodeIgniter->runController(Object(App\Controllers\WanderLust))
#9 D:\demopro\vendor\codeigniter4\framework\system\CodeIgniter.php(361): CodeIgniter\CodeIgniter->handleRequest(NULL, Object(Config\Cache), false)
#10 D:\demopro\public\index.php(79): CodeIgniter\CodeIgniter->run()
#11 D:\demopro\vendor\codeigniter4\framework\system\Commands\Server\rewrite.php(47): require_once('D:\\demopro\\publ...')
#12 {main}
CRITICAL - 2024-02-22 10:26:05 --> CodeIgniter\Database\Exceptions\DatabaseException: Unable to connect to the database.
Main connection [MySQLi]: Unknown database 'wanderlust'
in SYSTEMPATH\Database\BaseConnection.php on line 428.
 1 SYSTEMPATH\Database\BaseConnection.php(575): CodeIgniter\Database\BaseConnection->initialize()
 2 SYSTEMPATH\Database\BaseBuilder.php(2302): CodeIgniter\Database\BaseConnection->query('INSERT INTO `wanderlustdata` (`title`, `description`, `image`, `price`, `country`, `location`) VALUES (:title:, :description:, :image:, :price:, :country:, :location:)', [...], false)
 3 SYSTEMPATH\Model.php(326): CodeIgniter\Database\BaseBuilder->insert()
 4 SYSTEMPATH\BaseModel.php(802): CodeIgniter\Model->doInsert([...])
 5 SYSTEMPATH\Model.php(744): CodeIgniter\BaseModel->insert([...], true)
 6 APPPATH\Controllers\WanderLust.php(77): CodeIgniter\Model->insert([...])
 7 SYSTEMPATH\CodeIgniter.php(941): App\Controllers\WanderLust->addlist()
 8 SYSTEMPATH\CodeIgniter.php(502): CodeIgniter\CodeIgniter->runController(Object(App\Controllers\WanderLust))
 9 SYSTEMPATH\CodeIgniter.php(361): CodeIgniter\CodeIgniter->handleRequest(null, Object(Config\Cache), false)
10 FCPATH\index.php(79): CodeIgniter\CodeIgniter->run()
11 SYSTEMPATH\Commands\Server\rewrite.php(47): require_once('D:\\demopro\\public\\index.php')
ERROR - 2024-02-22 10:27:30 --> mysqli_sql_exception: Got error 194 "Tablespace is missing for a table" from storage engine InnoDB in D:\demopro\vendor\codeigniter4\framework\system\Database\MySQLi\Connection.php:306
Stack trace:
#0 D:\demopro\vendor\codeigniter4\framework\system\Database\MySQLi\Connection.php(306): mysqli->query('INSERT INTO `wa...', 0)
#1 D:\demopro\vendor\codeigniter4\framework\system\Database\BaseConnection.php(693): CodeIgniter\Database\MySQLi\Connection->execute('INSERT INTO `wa...')
#2 D:\demopro\vendor\codeigniter4\framework\system\Database\BaseConnection.php(607): CodeIgniter\Database\BaseConnection->simpleQuery('INSERT INTO `wa...')
#3 D:\demopro\vendor\codeigniter4\framework\system\Database\BaseBuilder.php(2302): CodeIgniter\Database\BaseConnection->query('INSERT INTO `wa...', Array, false)
#4 D:\demopro\vendor\codeigniter4\framework\system\Model.php(326): CodeIgniter\Database\BaseBuilder->insert()
#5 D:\demopro\vendor\codeigniter4\framework\system\BaseModel.php(802): CodeIgniter\Model->doInsert(Array)
#6 D:\demopro\vendor\codeigniter4\framework\system\Model.php(744): CodeIgniter\BaseModel->insert(Array, true)
#7 D:\demopro\App\Controllers\WanderLust.php(77): CodeIgniter\Model->insert(Array)
#8 D:\demopro\vendor\codeigniter4\framework\system\CodeIgniter.php(941): App\Controllers\WanderLust->addlist()
#9 D:\demopro\vendor\codeigniter4\framework\system\CodeIgniter.php(502): CodeIgniter\CodeIgniter->runController(Object(App\Controllers\WanderLust))
#10 D:\demopro\vendor\codeigniter4\framework\system\CodeIgniter.php(361): CodeIgniter\CodeIgniter->handleRequest(NULL, Object(Config\Cache), false)
#11 D:\demopro\public\index.php(79): CodeIgniter\CodeIgniter->run()
#12 D:\demopro\vendor\codeigniter4\framework\system\Commands\Server\rewrite.php(47): require_once('D:\\demopro\\publ...')
#13 {main}
CRITICAL - 2024-02-22 10:27:30 --> CodeIgniter\Database\Exceptions\DatabaseException: Got error 194 "Tablespace is missing for a table" from storage engine InnoDB
in SYSTEMPATH\Database\BaseConnection.php on line 647.
 1 SYSTEMPATH\Database\BaseBuilder.php(2302): CodeIgniter\Database\BaseConnection->query('INSERT INTO `wanderlustdata` (`title`, `description`, `image`, `price`, `country`, `location`) VALUES (:title:, :description:, :image:, :price:, :country:, :location:)', [...], false)
 2 SYSTEMPATH\Model.php(326): CodeIgniter\Database\BaseBuilder->insert()
 3 SYSTEMPATH\BaseModel.php(802): CodeIgniter\Model->doInsert([...])
 4 SYSTEMPATH\Model.php(744): CodeIgniter\BaseModel->insert([...], true)
 5 APPPATH\Controllers\WanderLust.php(77): CodeIgniter\Model->insert([...])
 6 SYSTEMPATH\CodeIgniter.php(941): App\Controllers\WanderLust->addlist()
 7 SYSTEMPATH\CodeIgniter.php(502): CodeIgniter\CodeIgniter->runController(Object(App\Controllers\WanderLust))
 8 SYSTEMPATH\CodeIgniter.php(361): CodeIgniter\CodeIgniter->handleRequest(null, Object(Config\Cache), false)
 9 FCPATH\index.php(79): CodeIgniter\CodeIgniter->run()
10 SYSTEMPATH\Commands\Server\rewrite.php(47): require_once('D:\\demopro\\public\\index.php')
CRITICAL - 2024-02-22 10:27:30 --> [Caused by] CodeIgniter\Database\Exceptions\DatabaseException: Got error 194 "Tablespace is missing for a table" from storage engine InnoDB
in SYSTEMPATH\Database\MySQLi\Connection.php on line 311.
 1 SYSTEMPATH\Database\BaseConnection.php(693): CodeIgniter\Database\MySQLi\Connection->execute('INSERT INTO `wanderlustdata` (`title`, `description`, `image`, `price`, `country`, `location`) VALUES (\'home\', \'new home\', \'home5.jpg\', \'12000\', \'India\', \'sangamner\')')
 2 SYSTEMPATH\Database\BaseConnection.php(607): CodeIgniter\Database\BaseConnection->simpleQuery('INSERT INTO `wanderlustdata` (`title`, `description`, `image`, `price`, `country`, `location`) VALUES (\'home\', \'new home\', \'home5.jpg\', \'12000\', \'India\', \'sangamner\')')
 3 SYSTEMPATH\Database\BaseBuilder.php(2302): CodeIgniter\Database\BaseConnection->query('INSERT INTO `wanderlustdata` (`title`, `description`, `image`, `price`, `country`, `location`) VALUES (:title:, :description:, :image:, :price:, :country:, :location:)', [...], false)
 4 SYSTEMPATH\Model.php(326): CodeIgniter\Database\BaseBuilder->insert()
 5 SYSTEMPATH\BaseModel.php(802): CodeIgniter\Model->doInsert([...])
 6 SYSTEMPATH\Model.php(744): CodeIgniter\BaseModel->insert([...], true)
 7 APPPATH\Controllers\WanderLust.php(77): CodeIgniter\Model->insert([...])
 8 SYSTEMPATH\CodeIgniter.php(941): App\Controllers\WanderLust->addlist()
 9 SYSTEMPATH\CodeIgniter.php(502): CodeIgniter\CodeIgniter->runController(Object(App\Controllers\WanderLust))
10 SYSTEMPATH\CodeIgniter.php(361): CodeIgniter\CodeIgniter->handleRequest(null, Object(Config\Cache), false)
11 FCPATH\index.php(79): CodeIgniter\CodeIgniter->run()
12 SYSTEMPATH\Commands\Server\rewrite.php(47): require_once('D:\\demopro\\public\\index.php')
CRITICAL - 2024-02-22 10:27:30 --> [Caused by] mysqli_sql_exception: Got error 194 "Tablespace is missing for a table" from storage engine InnoDB
in SYSTEMPATH\Database\MySQLi\Connection.php on line 306.
 1 SYSTEMPATH\Database\MySQLi\Connection.php(306): mysqli->query('INSERT INTO `wanderlustdata` (`title`, `description`, `image`, `price`, `country`, `location`) VALUES (\'home\', \'new home\', \'home5.jpg\', \'12000\', \'India\', \'sangamner\')', 0)
 2 SYSTEMPATH\Database\BaseConnection.php(693): CodeIgniter\Database\MySQLi\Connection->execute('INSERT INTO `wanderlustdata` (`title`, `description`, `image`, `price`, `country`, `location`) VALUES (\'home\', \'new home\', \'home5.jpg\', \'12000\', \'India\', \'sangamner\')')
 3 SYSTEMPATH\Database\BaseConnection.php(607): CodeIgniter\Database\BaseConnection->simpleQuery('INSERT INTO `wanderlustdata` (`title`, `description`, `image`, `price`, `country`, `location`) VALUES (\'home\', \'new home\', \'home5.jpg\', \'12000\', \'India\', \'sangamner\')')
 4 SYSTEMPATH\Database\BaseBuilder.php(2302): CodeIgniter\Database\BaseConnection->query('INSERT INTO `wanderlustdata` (`title`, `description`, `image`, `price`, `country`, `location`) VALUES (:title:, :description:, :image:, :price:, :country:, :location:)', [...], false)
 5 SYSTEMPATH\Model.php(326): CodeIgniter\Database\BaseBuilder->insert()
 6 SYSTEMPATH\BaseModel.php(802): CodeIgniter\Model->doInsert([...])
 7 SYSTEMPATH\Model.php(744): CodeIgniter\BaseModel->insert([...], true)
 8 APPPATH\Controllers\WanderLust.php(77): CodeIgniter\Model->insert([...])
 9 SYSTEMPATH\CodeIgniter.php(941): App\Controllers\WanderLust->addlist()
10 SYSTEMPATH\CodeIgniter.php(502): CodeIgniter\CodeIgniter->runController(Object(App\Controllers\WanderLust))
11 SYSTEMPATH\CodeIgniter.php(361): CodeIgniter\CodeIgniter->handleRequest(null, Object(Config\Cache), false)
12 FCPATH\index.php(79): CodeIgniter\CodeIgniter->run()
13 SYSTEMPATH\Commands\Server\rewrite.php(47): require_once('D:\\demopro\\public\\index.php')
ERROR - 2024-02-22 10:27:38 --> mysqli_sql_exception: Got error 194 "Tablespace is missing for a table" from storage engine InnoDB in D:\demopro\vendor\codeigniter4\framework\system\Database\MySQLi\Connection.php:306
Stack trace:
#0 D:\demopro\vendor\codeigniter4\framework\system\Database\MySQLi\Connection.php(306): mysqli->query('INSERT INTO `wa...', 0)
#1 D:\demopro\vendor\codeigniter4\framework\system\Database\BaseConnection.php(693): CodeIgniter\Database\MySQLi\Connection->execute('INSERT INTO `wa...')
#2 D:\demopro\vendor\codeigniter4\framework\system\Database\BaseConnection.php(607): CodeIgniter\Database\BaseConnection->simpleQuery('INSERT INTO `wa...')
#3 D:\demopro\vendor\codeigniter4\framework\system\Database\BaseBuilder.php(2302): CodeIgniter\Database\BaseConnection->query('INSERT INTO `wa...', Array, false)
#4 D:\demopro\vendor\codeigniter4\framework\system\Model.php(326): CodeIgniter\Database\BaseBuilder->insert()
#5 D:\demopro\vendor\codeigniter4\framework\system\BaseModel.php(802): CodeIgniter\Model->doInsert(Array)
#6 D:\demopro\vendor\codeigniter4\framework\system\Model.php(744): CodeIgniter\BaseModel->insert(Array, true)
#7 D:\demopro\App\Controllers\WanderLust.php(77): CodeIgniter\Model->insert(Array)
#8 D:\demopro\vendor\codeigniter4\framework\system\CodeIgniter.php(941): App\Controllers\WanderLust->addlist()
#9 D:\demopro\vendor\codeigniter4\framework\system\CodeIgniter.php(502): CodeIgniter\CodeIgniter->runController(Object(App\Controllers\WanderLust))
#10 D:\demopro\vendor\codeigniter4\framework\system\CodeIgniter.php(361): CodeIgniter\CodeIgniter->handleRequest(NULL, Object(Config\Cache), false)
#11 D:\demopro\public\index.php(79): CodeIgniter\CodeIgniter->run()
#12 D:\demopro\vendor\codeigniter4\framework\system\Commands\Server\rewrite.php(47): require_once('D:\\demopro\\publ...')
#13 {main}
CRITICAL - 2024-02-22 10:27:38 --> CodeIgniter\Database\Exceptions\DatabaseException: Got error 194 "Tablespace is missing for a table" from storage engine InnoDB
in SYSTEMPATH\Database\BaseConnection.php on line 647.
 1 SYSTEMPATH\Database\BaseBuilder.php(2302): CodeIgniter\Database\BaseConnection->query('INSERT INTO `wanderlustdata` (`title`, `description`, `image`, `price`, `country`, `location`) VALUES (:title:, :description:, :image:, :price:, :country:, :location:)', [...], false)
 2 SYSTEMPATH\Model.php(326): CodeIgniter\Database\BaseBuilder->insert()
 3 SYSTEMPATH\BaseModel.php(802): CodeIgniter\Model->doInsert([...])
 4 SYSTEMPATH\Model.php(744): CodeIgniter\BaseModel->insert([...], true)
 5 APPPATH\Controllers\WanderLust.php(77): CodeIgniter\Model->insert([...])
 6 SYSTEMPATH\CodeIgniter.php(941): App\Controllers\WanderLust->addlist()
 7 SYSTEMPATH\CodeIgniter.php(502): CodeIgniter\CodeIgniter->runController(Object(App\Controllers\WanderLust))
 8 SYSTEMPATH\CodeIgniter.php(361): CodeIgniter\CodeIgniter->handleRequest(null, Object(Config\Cache), false)
 9 FCPATH\index.php(79): CodeIgniter\CodeIgniter->run()
10 SYSTEMPATH\Commands\Server\rewrite.php(47): require_once('D:\\demopro\\public\\index.php')
CRITICAL - 2024-02-22 10:27:38 --> [Caused by] CodeIgniter\Database\Exceptions\DatabaseException: Got error 194 "Tablespace is missing for a table" from storage engine InnoDB
in SYSTEMPATH\Database\MySQLi\Connection.php on line 311.
 1 SYSTEMPATH\Database\BaseConnection.php(693): CodeIgniter\Database\MySQLi\Connection->execute('INSERT INTO `wanderlustdata` (`title`, `description`, `image`, `price`, `country`, `location`) VALUES (\'home\', \'new home\', \'home5.jpg\', \'12000\', \'India\', \'sangamner\')')
 2 SYSTEMPATH\Database\BaseConnection.php(607): CodeIgniter\Database\BaseConnection->simpleQuery('INSERT INTO `wanderlustdata` (`title`, `description`, `image`, `price`, `country`, `location`) VALUES (\'home\', \'new home\', \'home5.jpg\', \'12000\', \'India\', \'sangamner\')')
 3 SYSTEMPATH\Database\BaseBuilder.php(2302): CodeIgniter\Database\BaseConnection->query('INSERT INTO `wanderlustdata` (`title`, `description`, `image`, `price`, `country`, `location`) VALUES (:title:, :description:, :image:, :price:, :country:, :location:)', [...], false)
 4 SYSTEMPATH\Model.php(326): CodeIgniter\Database\BaseBuilder->insert()
 5 SYSTEMPATH\BaseModel.php(802): CodeIgniter\Model->doInsert([...])
 6 SYSTEMPATH\Model.php(744): CodeIgniter\BaseModel->insert([...], true)
 7 APPPATH\Controllers\WanderLust.php(77): CodeIgniter\Model->insert([...])
 8 SYSTEMPATH\CodeIgniter.php(941): App\Controllers\WanderLust->addlist()
 9 SYSTEMPATH\CodeIgniter.php(502): CodeIgniter\CodeIgniter->runController(Object(App\Controllers\WanderLust))
10 SYSTEMPATH\CodeIgniter.php(361): CodeIgniter\CodeIgniter->handleRequest(null, Object(Config\Cache), false)
11 FCPATH\index.php(79): CodeIgniter\CodeIgniter->run()
12 SYSTEMPATH\Commands\Server\rewrite.php(47): require_once('D:\\demopro\\public\\index.php')
CRITICAL - 2024-02-22 10:27:38 --> [Caused by] mysqli_sql_exception: Got error 194 "Tablespace is missing for a table" from storage engine InnoDB
in SYSTEMPATH\Database\MySQLi\Connection.php on line 306.
 1 SYSTEMPATH\Database\MySQLi\Connection.php(306): mysqli->query('INSERT INTO `wanderlustdata` (`title`, `description`, `image`, `price`, `country`, `location`) VALUES (\'home\', \'new home\', \'home5.jpg\', \'12000\', \'India\', \'sangamner\')', 0)
 2 SYSTEMPATH\Database\BaseConnection.php(693): CodeIgniter\Database\MySQLi\Connection->execute('INSERT INTO `wanderlustdata` (`title`, `description`, `image`, `price`, `country`, `location`) VALUES (\'home\', \'new home\', \'home5.jpg\', \'12000\', \'India\', \'sangamner\')')
 3 SYSTEMPATH\Database\BaseConnection.php(607): CodeIgniter\Database\BaseConnection->simpleQuery('INSERT INTO `wanderlustdata` (`title`, `description`, `image`, `price`, `country`, `location`) VALUES (\'home\', \'new home\', \'home5.jpg\', \'12000\', \'India\', \'sangamner\')')
 4 SYSTEMPATH\Database\BaseBuilder.php(2302): CodeIgniter\Database\BaseConnection->query('INSERT INTO `wanderlustdata` (`title`, `description`, `image`, `price`, `country`, `location`) VALUES (:title:, :description:, :image:, :price:, :country:, :location:)', [...], false)
 5 SYSTEMPATH\Model.php(326): CodeIgniter\Database\BaseBuilder->insert()
 6 SYSTEMPATH\BaseModel.php(802): CodeIgniter\Model->doInsert([...])
 7 SYSTEMPATH\Model.php(744): CodeIgniter\BaseModel->insert([...], true)
 8 APPPATH\Controllers\WanderLust.php(77): CodeIgniter\Model->insert([...])
 9 SYSTEMPATH\CodeIgniter.php(941): App\Controllers\WanderLust->addlist()
10 SYSTEMPATH\CodeIgniter.php(502): CodeIgniter\CodeIgniter->runController(Object(App\Controllers\WanderLust))
11 SYSTEMPATH\CodeIgniter.php(361): CodeIgniter\CodeIgniter->handleRequest(null, Object(Config\Cache), false)
12 FCPATH\index.php(79): CodeIgniter\CodeIgniter->run()
13 SYSTEMPATH\Commands\Server\rewrite.php(47): require_once('D:\\demopro\\public\\index.php')
CRITICAL - 2024-02-22 14:06:38 --> ErrorException: Undefined variable $imageName
in APPPATH\Controllers\WanderLust.php on line 158.
 1 APPPATH\Controllers\WanderLust.php(158): CodeIgniter\Debug\Exceptions->errorHandler(2, 'Undefined variable $imageName', 'D:\\demopro\\App\\Controllers\\WanderLust.php', 158)
 2 SYSTEMPATH\CodeIgniter.php(941): App\Controllers\WanderLust->editedList('1')
 3 SYSTEMPATH\CodeIgniter.php(502): CodeIgniter\CodeIgniter->runController(Object(App\Controllers\WanderLust))
 4 SYSTEMPATH\CodeIgniter.php(361): CodeIgniter\CodeIgniter->handleRequest(null, Object(Config\Cache), false)
 5 FCPATH\index.php(79): CodeIgniter\CodeIgniter->run()
 6 SYSTEMPATH\Commands\Server\rewrite.php(47): require_once('D:\\demopro\\public\\index.php')
