CRITICAL - 2024-01-25 06:45:53 --> Error: Call to undefined method App\Controllers\WanderLust::findAll()
in APPPATH\Controllers\WanderLust.php on line 20.
 1 SYSTEMPATH\CodeIgniter.php(941): App\Controllers\WanderLust->show()
 2 SYSTEMPATH\CodeIgniter.php(502): CodeIgniter\CodeIgniter->runController(Object(App\Controllers\WanderLust))
 3 SYSTEMPATH\CodeIgniter.php(361): CodeIgniter\CodeIgniter->handleRequest(null, Object(Config\Cache), false)
 4 FCPATH\index.php(79): CodeIgniter\CodeIgniter->run()
 5 SYSTEMPATH\Commands\Server\rewrite.php(47): require_once('D:\\demopro\\public\\index.php')
CRITICAL - 2024-01-25 06:45:53 --> Error: Call to undefined method App\Controllers\WanderLust::findAll()
in APPPATH\Controllers\WanderLust.php on line 20.
 1 SYSTEMPATH\CodeIgniter.php(941): App\Controllers\WanderLust->show()
 2 SYSTEMPATH\CodeIgniter.php(502): CodeIgniter\CodeIgniter->runController(Object(App\Controllers\WanderLust))
 3 SYSTEMPATH\CodeIgniter.php(361): CodeIgniter\CodeIgniter->handleRequest(null, Object(Config\Cache), false)
 4 FCPATH\index.php(79): CodeIgniter\CodeIgniter->run()
 5 SYSTEMPATH\Commands\Server\rewrite.php(47): require_once('D:\\demopro\\public\\index.php')
CRITICAL - 2024-01-25 06:47:18 --> Error: Call to undefined method App\Controllers\WanderLust::findAll()
in APPPATH\Controllers\WanderLust.php on line 20.
 1 SYSTEMPATH\CodeIgniter.php(941): App\Controllers\WanderLust->show()
 2 SYSTEMPATH\CodeIgniter.php(502): CodeIgniter\CodeIgniter->runController(Object(App\Controllers\WanderLust))
 3 SYSTEMPATH\CodeIgniter.php(361): CodeIgniter\CodeIgniter->handleRequest(null, Object(Config\Cache), false)
 4 FCPATH\index.php(79): CodeIgniter\CodeIgniter->run()
 5 SYSTEMPATH\Commands\Server\rewrite.php(47): require_once('D:\\demopro\\public\\index.php')
CRITICAL - 2024-01-25 06:47:24 --> Error: Call to undefined method App\Controllers\WanderLust::findAll()
in APPPATH\Controllers\WanderLust.php on line 20.
 1 SYSTEMPATH\CodeIgniter.php(941): App\Controllers\WanderLust->show()
 2 SYSTEMPATH\CodeIgniter.php(502): CodeIgniter\CodeIgniter->runController(Object(App\Controllers\WanderLust))
 3 SYSTEMPATH\CodeIgniter.php(361): CodeIgniter\CodeIgniter->handleRequest(null, Object(Config\Cache), false)
 4 FCPATH\index.php(79): CodeIgniter\CodeIgniter->run()
 5 SYSTEMPATH\Commands\Server\rewrite.php(47): require_once('D:\\demopro\\public\\index.php')
CRITICAL - 2024-01-25 07:58:18 --> Error: Class "App\Models\WanderLustModel" not found
in APPPATH\Controllers\WanderLust.php on line 34.
 1 SYSTEMPATH\CodeIgniter.php(941): App\Controllers\WanderLust->addlist()
 2 SYSTEMPATH\CodeIgniter.php(502): CodeIgniter\CodeIgniter->runController(Object(App\Controllers\WanderLust))
 3 SYSTEMPATH\CodeIgniter.php(361): CodeIgniter\CodeIgniter->handleRequest(null, Object(Config\Cache), false)
 4 FCPATH\index.php(79): CodeIgniter\CodeIgniter->run()
 5 SYSTEMPATH\Commands\Server\rewrite.php(47): require_once('D:\\demopro\\public\\index.php')
ERROR - 2024-01-25 08:03:36 --> mysqli_sql_exception: Table 'wanderlust.wanderlusts' doesn't exist in D:\demopro\vendor\codeigniter4\framework\system\Database\MySQLi\Connection.php:306
Stack trace:
#0 D:\demopro\vendor\codeigniter4\framework\system\Database\MySQLi\Connection.php(306): mysqli->query('INSERT INTO `wa...', 0)
#1 D:\demopro\vendor\codeigniter4\framework\system\Database\BaseConnection.php(693): CodeIgniter\Database\MySQLi\Connection->execute('INSERT INTO `wa...')
#2 D:\demopro\vendor\codeigniter4\framework\system\Database\BaseConnection.php(607): CodeIgniter\Database\BaseConnection->simpleQuery('INSERT INTO `wa...')
#3 D:\demopro\vendor\codeigniter4\framework\system\Database\BaseBuilder.php(2302): CodeIgniter\Database\BaseConnection->query('INSERT INTO `wa...', Array, false)
#4 D:\demopro\vendor\codeigniter4\framework\system\Model.php(326): CodeIgniter\Database\BaseBuilder->insert()
#5 D:\demopro\vendor\codeigniter4\framework\system\BaseModel.php(802): CodeIgniter\Model->doInsert(Array)
#6 D:\demopro\vendor\codeigniter4\framework\system\Model.php(744): CodeIgniter\BaseModel->insert(Array, true)
#7 D:\demopro\App\Controllers\WanderLust.php(44): CodeIgniter\Model->insert(Array)
#8 D:\demopro\vendor\codeigniter4\framework\system\CodeIgniter.php(941): App\Controllers\WanderLust->addlist()
#9 D:\demopro\vendor\codeigniter4\framework\system\CodeIgniter.php(502): CodeIgniter\CodeIgniter->runController(Object(App\Controllers\WanderLust))
#10 D:\demopro\vendor\codeigniter4\framework\system\CodeIgniter.php(361): CodeIgniter\CodeIgniter->handleRequest(NULL, Object(Config\Cache), false)
#11 D:\demopro\public\index.php(79): CodeIgniter\CodeIgniter->run()
#12 D:\demopro\vendor\codeigniter4\framework\system\Commands\Server\rewrite.php(47): require_once('D:\\demopro\\publ...')
#13 {main}
CRITICAL - 2024-01-25 08:03:36 --> CodeIgniter\Database\Exceptions\DatabaseException: Table 'wanderlust.wanderlusts' doesn't exist
in SYSTEMPATH\Database\BaseConnection.php on line 647.
 1 SYSTEMPATH\Database\BaseBuilder.php(2302): CodeIgniter\Database\BaseConnection->query('INSERT INTO `wanderlusts` (`title`, `desc`, `price`, `country`, `location`) VALUES (:title:, :desc:, :price:, :country:, :location:)', [...], false)
 2 SYSTEMPATH\Model.php(326): CodeIgniter\Database\BaseBuilder->insert()
 3 SYSTEMPATH\BaseModel.php(802): CodeIgniter\Model->doInsert([...])
 4 SYSTEMPATH\Model.php(744): CodeIgniter\BaseModel->insert([...], true)
 5 APPPATH\Controllers\WanderLust.php(44): CodeIgniter\Model->insert([...])
 6 SYSTEMPATH\CodeIgniter.php(941): App\Controllers\WanderLust->addlist()
 7 SYSTEMPATH\CodeIgniter.php(502): CodeIgniter\CodeIgniter->runController(Object(App\Controllers\WanderLust))
 8 SYSTEMPATH\CodeIgniter.php(361): CodeIgniter\CodeIgniter->handleRequest(null, Object(Config\Cache), false)
 9 FCPATH\index.php(79): CodeIgniter\CodeIgniter->run()
10 SYSTEMPATH\Commands\Server\rewrite.php(47): require_once('D:\\demopro\\public\\index.php')
CRITICAL - 2024-01-25 08:03:36 --> [Caused by] CodeIgniter\Database\Exceptions\DatabaseException: Table 'wanderlust.wanderlusts' doesn't exist
in SYSTEMPATH\Database\MySQLi\Connection.php on line 311.
 1 SYSTEMPATH\Database\BaseConnection.php(693): CodeIgniter\Database\MySQLi\Connection->execute('INSERT INTO `wanderlusts` (`title`, `desc`, `price`, `country`, `location`) VALUES (\'tour\', NULL, \'1200\', \'india\', \'india\')')
 2 SYSTEMPATH\Database\BaseConnection.php(607): CodeIgniter\Database\BaseConnection->simpleQuery('INSERT INTO `wanderlusts` (`title`, `desc`, `price`, `country`, `location`) VALUES (\'tour\', NULL, \'1200\', \'india\', \'india\')')
 3 SYSTEMPATH\Database\BaseBuilder.php(2302): CodeIgniter\Database\BaseConnection->query('INSERT INTO `wanderlusts` (`title`, `desc`, `price`, `country`, `location`) VALUES (:title:, :desc:, :price:, :country:, :location:)', [...], false)
 4 SYSTEMPATH\Model.php(326): CodeIgniter\Database\BaseBuilder->insert()
 5 SYSTEMPATH\BaseModel.php(802): CodeIgniter\Model->doInsert([...])
 6 SYSTEMPATH\Model.php(744): CodeIgniter\BaseModel->insert([...], true)
 7 APPPATH\Controllers\WanderLust.php(44): CodeIgniter\Model->insert([...])
 8 SYSTEMPATH\CodeIgniter.php(941): App\Controllers\WanderLust->addlist()
 9 SYSTEMPATH\CodeIgniter.php(502): CodeIgniter\CodeIgniter->runController(Object(App\Controllers\WanderLust))
10 SYSTEMPATH\CodeIgniter.php(361): CodeIgniter\CodeIgniter->handleRequest(null, Object(Config\Cache), false)
11 FCPATH\index.php(79): CodeIgniter\CodeIgniter->run()
12 SYSTEMPATH\Commands\Server\rewrite.php(47): require_once('D:\\demopro\\public\\index.php')
CRITICAL - 2024-01-25 08:03:36 --> [Caused by] mysqli_sql_exception: Table 'wanderlust.wanderlusts' doesn't exist
in SYSTEMPATH\Database\MySQLi\Connection.php on line 306.
 1 SYSTEMPATH\Database\MySQLi\Connection.php(306): mysqli->query('INSERT INTO `wanderlusts` (`title`, `desc`, `price`, `country`, `location`) VALUES (\'tour\', NULL, \'1200\', \'india\', \'india\')', 0)
 2 SYSTEMPATH\Database\BaseConnection.php(693): CodeIgniter\Database\MySQLi\Connection->execute('INSERT INTO `wanderlusts` (`title`, `desc`, `price`, `country`, `location`) VALUES (\'tour\', NULL, \'1200\', \'india\', \'india\')')
 3 SYSTEMPATH\Database\BaseConnection.php(607): CodeIgniter\Database\BaseConnection->simpleQuery('INSERT INTO `wanderlusts` (`title`, `desc`, `price`, `country`, `location`) VALUES (\'tour\', NULL, \'1200\', \'india\', \'india\')')
 4 SYSTEMPATH\Database\BaseBuilder.php(2302): CodeIgniter\Database\BaseConnection->query('INSERT INTO `wanderlusts` (`title`, `desc`, `price`, `country`, `location`) VALUES (:title:, :desc:, :price:, :country:, :location:)', [...], false)
 5 SYSTEMPATH\Model.php(326): CodeIgniter\Database\BaseBuilder->insert()
 6 SYSTEMPATH\BaseModel.php(802): CodeIgniter\Model->doInsert([...])
 7 SYSTEMPATH\Model.php(744): CodeIgniter\BaseModel->insert([...], true)
 8 APPPATH\Controllers\WanderLust.php(44): CodeIgniter\Model->insert([...])
 9 SYSTEMPATH\CodeIgniter.php(941): App\Controllers\WanderLust->addlist()
10 SYSTEMPATH\CodeIgniter.php(502): CodeIgniter\CodeIgniter->runController(Object(App\Controllers\WanderLust))
11 SYSTEMPATH\CodeIgniter.php(361): CodeIgniter\CodeIgniter->handleRequest(null, Object(Config\Cache), false)
12 FCPATH\index.php(79): CodeIgniter\CodeIgniter->run()
13 SYSTEMPATH\Commands\Server\rewrite.php(47): require_once('D:\\demopro\\public\\index.php')
